Deploying OS Paramdef started
Reading options information
Creating new VSMD
C:\Workspace_Windows_1\Workspace_ETAS_RTA_CAR_12.2.0\vEcu_iSolarV12.00.00_MinGwV06.03.00_NxpS32K146_GrenE_Tpms\ecu_config\paramdefs\Os_EcucParamDef.arxml
Done


Time taken to deploy OS Paramdef: 8406 ms.
Deploying OS Ecuc Values started
Loading OS Paramdef
ecu_config\os\internal\Os_EcucValues.arxml
Done
Time taken to deploy OS EcucValues: 3157 ms.
Deploying OS Paramdef started
Reading options information
Creating new VSMD
C:\Workspace_Windows_1\Workspace_ETAS_RTA_CAR_12.2.0\vEcu_iSolarV12.00.00_MinGwV06.03.00_NxpS32K146_GrenE_Tpms\ecu_config\paramdefs\Os_EcucParamDef.arxml
Done


Time taken to deploy OS Paramdef: 7605 ms.
Deploying OS Ecuc Values started
Loading OS Paramdef
ecu_config\os\internal\Os_EcucValues.arxml
Done
Time taken to deploy OS EcucValues: 1870 ms.
