14:48:29,172 [INFO] --------------------------------------------------------------------------------------
14:48:29,172 [INFO] EMF Modeling Workflow Engine 1.5.3, Build v20200520-0756
14:48:29,172 [INFO] (c) 2005-2009 openarchitectureware.org and contributors
14:48:29,172 [INFO] --------------------------------------------------------------------------------------
14:48:29,172 [INFO] running workflow: C:\ETAS\RTA-CAR_12.2.0\ISOLAR-AB_12.2.1\configuration\org.eclipse.osgi\1981\0\.cp\gen\SrvLibs\Bfx\Bfx\scripts\Bfx_Prepare.oaw
14:48:29,172 [INFO] 
14:48:29,173 [INFO] BCTXtendComponent: executing 'Bfx_Prepare'
14:48:30,828 [INFO] workflow completed in 1655ms!
14:48:30,846 [INFO] --------------------------------------------------------------------------------------
14:48:30,847 [INFO] EMF Modeling Workflow Engine 1.5.3, Build v20200520-0756
14:48:30,847 [INFO] (c) 2005-2009 openarchitectureware.org and contributors
14:48:30,847 [INFO] --------------------------------------------------------------------------------------
14:48:30,847 [INFO] running workflow: C:\ETAS\RTA-CAR_12.2.0\ISOLAR-AB_12.2.1\configuration\org.eclipse.osgi\1981\0\.cp\gen\CanStack\CanIf\scripts\templates\generateid\CanIf_GenerateId.oaw
14:48:30,847 [INFO] 
14:48:30,848 [INFO] BCTXtendComponent: executing 'templates::generateid::CanIf_GenerateId_Id'
14:48:30,860 [INFO] workflow completed in 11ms!
14:48:30,877 [INFO] --------------------------------------------------------------------------------------
14:48:30,877 [INFO] EMF Modeling Workflow Engine 1.5.3, Build v20200520-0756
14:48:30,877 [INFO] (c) 2005-2009 openarchitectureware.org and contributors
14:48:30,877 [INFO] --------------------------------------------------------------------------------------
14:48:30,877 [INFO] running workflow: C:\ETAS\RTA-CAR_12.2.0\ISOLAR-AB_12.2.1\configuration\org.eclipse.osgi\1981\0\.cp\gen\CanStack\CanTp\scripts\datagenerator\CanTp_Prepare.mwe
14:48:30,877 [INFO] 
14:48:30,878 [INFO] BCTXtendComponent: executing 'CanTp_Prepare'
14:48:30,883 [INFO] CanTp_Prepare for Active Variant: __KW_COMMON 
14:48:30,885 [INFO] workflow completed in 7ms!
14:48:32,434 [INFO] --------------------------------------------------------------------------------------
14:48:32,434 [INFO] EMF Modeling Workflow Engine 1.5.3, Build v20200520-0756
14:48:32,434 [INFO] (c) 2005-2009 openarchitectureware.org and contributors
14:48:32,434 [INFO] --------------------------------------------------------------------------------------
14:48:32,435 [INFO] running workflow: C:\ETAS\RTA-CAR_12.2.0\ISOLAR-AB_12.2.1\configuration\org.eclipse.osgi\1981\0\.cp\gen\CUCEL\ComStack\scripts\ComStack_Validate.oaw
14:48:32,435 [INFO] 
14:48:32,444 [INFO] BCTCheckComponent: slot model check file(s): ComStack_Validate 
14:48:32,447 [INFO] workflow completed in 3ms!
14:48:32,465 [INFO] --------------------------------------------------------------------------------------
14:48:32,465 [INFO] EMF Modeling Workflow Engine 1.5.3, Build v20200520-0756
14:48:32,465 [INFO] (c) 2005-2009 openarchitectureware.org and contributors
14:48:32,465 [INFO] --------------------------------------------------------------------------------------
14:48:32,465 [INFO] running workflow: C:\ETAS\RTA-CAR_12.2.0\ISOLAR-AB_12.2.1\configuration\org.eclipse.osgi\1981\0\.cp\gen\CUCEL\Compiler\scripts\Compiler_Generate.oaw
14:48:32,465 [INFO] 
14:48:32,494 [INFO] BCTCodeGenerator: generating 'Compiler_h::Generate FOR model' => []
14:48:32,496 [INFO] workflow completed in 2ms!
14:48:32,541 [INFO] --------------------------------------------------------------------------------------
14:48:32,541 [INFO] EMF Modeling Workflow Engine 1.5.3, Build v20200520-0756
14:48:32,541 [INFO] (c) 2005-2009 openarchitectureware.org and contributors
14:48:32,541 [INFO] --------------------------------------------------------------------------------------
14:48:32,542 [INFO] running workflow: C:\ETAS\RTA-CAR_12.2.0\ISOLAR-AB_12.2.1\configuration\org.eclipse.osgi\1981\0\.cp\gen\Diagnosis\Det\scripts\validator\Det_Validate.mwe
14:48:32,542 [INFO] 
14:48:32,543 [INFO] BCTCheckComponent: slot model check file(s): Det_Validate 
14:48:32,545 [INFO] workflow completed in 3ms!
14:48:32,566 [INFO] --------------------------------------------------------------------------------------
14:48:32,566 [INFO] EMF Modeling Workflow Engine 1.5.3, Build v20200520-0756
14:48:32,566 [INFO] (c) 2005-2009 openarchitectureware.org and contributors
14:48:32,566 [INFO] --------------------------------------------------------------------------------------
14:48:32,566 [INFO] running workflow: C:\ETAS\RTA-CAR_12.2.0\ISOLAR-AB_12.2.1\configuration\org.eclipse.osgi\1981\0\.cp\gen\CUCEL\EcuC\scripts\EcuC_Validate.oaw
14:48:32,566 [INFO] 
14:48:32,567 [INFO] BCTCheckComponent: slot model check file(s): EcuC 
14:48:32,573 [INFO] workflow completed in 5ms!
14:48:32,590 [INFO] --------------------------------------------------------------------------------------
14:48:32,590 [INFO] EMF Modeling Workflow Engine 1.5.3, Build v20200520-0756
14:48:32,591 [INFO] (c) 2005-2009 openarchitectureware.org and contributors
14:48:32,591 [INFO] --------------------------------------------------------------------------------------
14:48:32,591 [INFO] running workflow: C:\ETAS\RTA-CAR_12.2.0\ISOLAR-AB_12.2.1\configuration\org.eclipse.osgi\1981\0\.cp\gen\ESM\EcuM\scripts\EcuM_Forward.mwe
14:48:32,591 [INFO] 
14:48:32,591 [INFO] BCTXtendComponent: executing ' templates::EcuM_NvMForward'
14:48:32,592 [INFO] workflow completed in 1ms!
14:48:32,609 [INFO] --------------------------------------------------------------------------------------
14:48:32,609 [INFO] EMF Modeling Workflow Engine 1.5.3, Build v20200520-0756
14:48:32,609 [INFO] (c) 2005-2009 openarchitectureware.org and contributors
14:48:32,609 [INFO] --------------------------------------------------------------------------------------
14:48:32,609 [INFO] running workflow: C:\ETAS\RTA-CAR_12.2.0\ISOLAR-AB_12.2.1\configuration\org.eclipse.osgi\1981\0\.cp\gen\ESM\EcuM\scripts\EcuM_GenerateId.mwe
14:48:32,610 [INFO] 
14:48:32,610 [INFO] BCTXtendComponent: executing ' templates::EcuM_Prepare'
14:48:32,616 [INFO] workflow completed in 6ms!
14:48:32,641 [INFO] --------------------------------------------------------------------------------------
14:48:32,641 [INFO] EMF Modeling Workflow Engine 1.5.3, Build v20200520-0756
14:48:32,641 [INFO] (c) 2005-2009 openarchitectureware.org and contributors
14:48:32,641 [INFO] --------------------------------------------------------------------------------------
14:48:32,641 [INFO] running workflow: C:\ETAS\RTA-CAR_12.2.0\ISOLAR-AB_12.2.1\configuration\org.eclipse.osgi\1981\0\.cp\gen\ComServices\IpduM\scripts\templates\generateid\IpduM_GenerateId.oaw
14:48:32,641 [INFO] 
14:48:32,642 [INFO] BCTXtendComponent: executing 'templates::generateid::IpduM_GenerateId_Id'
14:48:32,676 [INFO] workflow completed in 34ms!
14:48:32,693 [INFO] --------------------------------------------------------------------------------------
14:48:32,693 [INFO] EMF Modeling Workflow Engine 1.5.3, Build v20200520-0756
14:48:32,693 [INFO] (c) 2005-2009 openarchitectureware.org and contributors
14:48:32,693 [INFO] --------------------------------------------------------------------------------------
14:48:32,693 [INFO] running workflow: C:\ETAS\RTA-CAR_12.2.0\ISOLAR-AB_12.2.1\configuration\org.eclipse.osgi\1981\0\.cp\gen\ComServices\PduR\scripts\templates\forward\PduR_Forward.oaw
14:48:32,693 [INFO] 
14:48:32,695 [INFO] BCTXtendComponent: executing ' templates::forward::PduR_Forward'
14:48:32,704 [INFO] >>> WARNING <<<: PduR forwarding to DEM not executed because 'PduR' or 'DEM' configuration is not available. Is this intended?
14:48:32,705 [INFO] BCTXtendComponent: executing ' templates::forward::PduR_Forward'
14:48:32,718 [INFO] PduRDsmReInitMainFunction is not forwarded as PduRRbDSMReInitEnabled is configured as False.
14:48:32,718 [INFO] workflow completed in 24ms!
14:48:32,738 [INFO] --------------------------------------------------------------------------------------
14:48:32,738 [INFO] EMF Modeling Workflow Engine 1.5.3, Build v20200520-0756
14:48:32,738 [INFO] (c) 2005-2009 openarchitectureware.org and contributors
14:48:32,738 [INFO] --------------------------------------------------------------------------------------
14:48:32,738 [INFO] running workflow: C:\ETAS\RTA-CAR_12.2.0\ISOLAR-AB_12.2.1\configuration\org.eclipse.osgi\1981\0\.cp\gen\CUCEL\Platform\scripts\Platform_Prepare.oaw
14:48:32,738 [INFO] 
14:48:32,739 [INFO] BCTXtendComponent: executing 'Platform_Prepare'
14:48:32,740 [INFO] workflow completed in 1ms!
14:48:32,762 [INFO] --------------------------------------------------------------------------------------
14:48:32,762 [INFO] EMF Modeling Workflow Engine 1.5.3, Build v20200520-0756
14:48:32,762 [INFO] (c) 2005-2009 openarchitectureware.org and contributors
14:48:32,762 [INFO] --------------------------------------------------------------------------------------
14:48:32,762 [INFO] running workflow: C:\ETAS\RTA-CAR_12.2.0\ISOLAR-AB_12.2.1\configuration\org.eclipse.osgi\1981\0\.cp\gen\SrvLibs\Bfx\Bfx\scripts\Bfx_Validate.oaw
14:48:32,762 [INFO] 
14:48:32,763 [INFO] BCTCheckComponent: slot model check file(s): Bfx_Validate 
14:48:32,765 [INFO] workflow completed in 2ms!
14:48:32,804 [INFO] --------------------------------------------------------------------------------------
14:48:32,804 [INFO] EMF Modeling Workflow Engine 1.5.3, Build v20200520-0756
14:48:32,804 [INFO] (c) 2005-2009 openarchitectureware.org and contributors
14:48:32,804 [INFO] --------------------------------------------------------------------------------------
14:48:32,804 [INFO] running workflow: C:\ETAS\RTA-CAR_12.2.0\ISOLAR-AB_12.2.1\configuration\org.eclipse.osgi\1981\0\.cp\gen\BSMM\BswM\scripts\BswM_Validate.mwe
14:48:32,804 [INFO] 
14:48:32,805 [INFO] BCTCheckComponent: slot model check file(s): BswM_Validate 
14:48:32,828 [INFO] BCTCheckComponent: slot model check file(s): BswM_Validate_PB 
14:48:32,840 [INFO] workflow completed in 35ms!
14:48:32,840 [WARN] [WARNING]: BswM: Please check the configuration, logical expression('s) is(are) configured but not used in any Rule -[BswMLogicalExpression_StartCom](Element: autosar40.ecucdescription.impl.EcucContainerValueImpl@62da29b0 (shortName: BswMConfig_RefUG) (index: <unset>); Reported by: -UNKNOWN-)
14:48:32,840 [WARN] [WARNING]: BswM: Please check the configuration, logical expression's are configured but not used in any Rule -[BswMLogicalExpression_StartCom] for the variant __KW_COMMON(Element: autosar40.ecucdescription.impl.EcucContainerValueImpl@62da29b0 (shortName: BswMConfig_RefUG) (index: <unset>); Reported by: -UNKNOWN-)
14:48:32,840 [WARN] [WARNING]: BswM: Please check the configuration, Actions's are configured but not used in any Action List-[BswMActionItem_RteStart, BswMActionItem_BswMSwitchRun, BswMActionItem_BswMSwitchStartupTwo](Element: autosar40.ecucdescription.impl.EcucContainerValueImpl@62da29b0 (shortName: BswMConfig_RefUG) (index: <unset>); Reported by: -UNKNOWN-)
14:48:32,858 [INFO] --------------------------------------------------------------------------------------
14:48:32,858 [INFO] EMF Modeling Workflow Engine 1.5.3, Build v20200520-0756
14:48:32,858 [INFO] (c) 2005-2009 openarchitectureware.org and contributors
14:48:32,858 [INFO] --------------------------------------------------------------------------------------
14:48:32,858 [INFO] running workflow: C:\ETAS\RTA-CAR_12.2.0\ISOLAR-AB_12.2.1\configuration\org.eclipse.osgi\1981\0\.cp\gen\CanStack\CanSM\scripts\templates\generateid\CanSM_GenerateId.oaw
14:48:32,858 [INFO] 
14:48:32,859 [INFO] BCTXtendComponent: executing 'templates::generateid::CanSM::CanSM_GenerateId_Id'
14:48:32,862 [INFO] >>> WARNING <<<: CanSM forwarding to DEM not executed because 'CanSM' or 'DEM' configuration is not available. Is this intended?
14:48:32,862 [INFO] BCTXtendComponent: executing 'templates::forward::CanSM_GenerateId_Id'
14:48:32,866 [INFO] workflow completed in 7ms!
14:48:32,899 [INFO] --------------------------------------------------------------------------------------
14:48:32,900 [INFO] EMF Modeling Workflow Engine 1.5.3, Build v20200520-0756
14:48:32,900 [INFO] (c) 2005-2009 openarchitectureware.org and contributors
14:48:32,900 [INFO] --------------------------------------------------------------------------------------
14:48:32,900 [INFO] running workflow: C:\ETAS\RTA-CAR_12.2.0\ISOLAR-AB_12.2.1\configuration\org.eclipse.osgi\1981\0\.cp\gen\CanStack\CanTp\scripts\validator\CanTp_Validate.mwe
14:48:32,900 [INFO] 
14:48:32,901 [INFO] BCTCheckComponent: slot model check file(s): CanTp 
14:48:32,918 [INFO] workflow completed in 16ms!
14:48:32,918 [WARN] [WARNING]: CanTp Strict Dlc check is disabled, this violates CanFD ISO/DIS 15765-2 (2014/2015) requirement. Is this intended? to be compliant with ISO/DIS 15765-2 (2014/2015) enable Strict Dlc Check(Element: autosar40.ecucdescription.impl.EcucContainerValueImpl@21292d72 (shortName: CanTpGeneral) (index: <unset>); Reported by: -UNKNOWN-)
14:48:36,105 [INFO] --------------------------------------------------------------------------------------
14:48:36,106 [INFO] EMF Modeling Workflow Engine 1.5.3, Build v20200520-0756
14:48:36,106 [INFO] (c) 2005-2009 openarchitectureware.org and contributors
14:48:36,106 [INFO] --------------------------------------------------------------------------------------
14:48:36,106 [INFO] running workflow: C:\ETAS\RTA-CAR_12.2.0\ISOLAR-AB_12.2.1\configuration\org.eclipse.osgi\1981\0\.cp\gen\CUCEL\ComStack\scripts\ComStack_Generate.oaw
14:48:36,106 [INFO] 
14:48:36,108 [INFO] BCTCodeGenerator: generating 'ComStack_Cfg_h::Generate FOR model' => []
14:48:36,111 [INFO] BCTCodeGenerator: generating 'ComStack_Types_arxml::Generate FOR model' => []
14:48:36,112 [INFO] workflow completed in 4ms!
14:48:36,139 [INFO] --------------------------------------------------------------------------------------
14:48:36,140 [INFO] EMF Modeling Workflow Engine 1.5.3, Build v20200520-0756
14:48:36,140 [INFO] (c) 2005-2009 openarchitectureware.org and contributors
14:48:36,140 [INFO] --------------------------------------------------------------------------------------
14:48:36,140 [INFO] running workflow: C:\ETAS\RTA-CAR_12.2.0\ISOLAR-AB_12.2.1\configuration\org.eclipse.osgi\1981\0\.cp\gen\Diagnosis\Det\scripts\filegenerator\Det_Generate.mwe
14:48:36,140 [INFO] 
14:48:36,141 [INFO] BCTCodeGenerator: generating 'Det::Root FOR model' => []
14:48:36,168 [INFO] workflow completed in 27ms!
14:48:36,189 [INFO] --------------------------------------------------------------------------------------
14:48:36,189 [INFO] EMF Modeling Workflow Engine 1.5.3, Build v20200520-0756
14:48:36,190 [INFO] (c) 2005-2009 openarchitectureware.org and contributors
14:48:36,190 [INFO] --------------------------------------------------------------------------------------
14:48:36,190 [INFO] running workflow: C:\ETAS\RTA-CAR_12.2.0\ISOLAR-AB_12.2.1\configuration\org.eclipse.osgi\1981\0\.cp\gen\CUCEL\EcuC\scripts\EcuC_Generate.oaw
14:48:36,190 [INFO] 
14:48:36,190 [INFO] BCTCodeGenerator: generating 'EcuC_Rb_h::Generate FOR model' => []
14:48:36,192 [INFO] workflow completed in 2ms!
14:48:36,210 [INFO] --------------------------------------------------------------------------------------
14:48:36,210 [INFO] EMF Modeling Workflow Engine 1.5.3, Build v20200520-0756
14:48:36,210 [INFO] (c) 2005-2009 openarchitectureware.org and contributors
14:48:36,210 [INFO] --------------------------------------------------------------------------------------
14:48:36,210 [INFO] running workflow: C:\ETAS\RTA-CAR_12.2.0\ISOLAR-AB_12.2.1\configuration\org.eclipse.osgi\1981\0\.cp\gen\ESM\EcuM\scripts\EcuM_PbDetermineForward.mwe
14:48:36,210 [INFO] 
14:48:36,211 [INFO] BCTXtendComponent: executing ' templates::EcuM_PbDetermineForward'
14:48:36,212 [INFO] workflow completed in 1ms!
14:48:36,234 [INFO] --------------------------------------------------------------------------------------
14:48:36,235 [INFO] EMF Modeling Workflow Engine 1.5.3, Build v20200520-0756
14:48:36,235 [INFO] (c) 2005-2009 openarchitectureware.org and contributors
14:48:36,235 [INFO] --------------------------------------------------------------------------------------
14:48:36,235 [INFO] running workflow: C:\ETAS\RTA-CAR_12.2.0\ISOLAR-AB_12.2.1\configuration\org.eclipse.osgi\1981\0\.cp\gen\ESM\EcuM\scripts\EcuM_RbMonitoringValidate.mwe
14:48:36,235 [INFO] 
14:48:36,236 [INFO] BCTCheckComponent: slot model check file(s): validator::EcuM_RbMonitoringCheck 
14:48:36,240 [INFO] workflow completed in 4ms!
14:48:36,262 [INFO] --------------------------------------------------------------------------------------
14:48:36,262 [INFO] EMF Modeling Workflow Engine 1.5.3, Build v20200520-0756
14:48:36,262 [INFO] (c) 2005-2009 openarchitectureware.org and contributors
14:48:36,262 [INFO] --------------------------------------------------------------------------------------
14:48:36,262 [INFO] running workflow: C:\ETAS\RTA-CAR_12.2.0\ISOLAR-AB_12.2.1\configuration\org.eclipse.osgi\1981\0\.cp\gen\ESM\EcuM\scripts\EcuM_Validate.mwe
14:48:36,262 [INFO] 
14:48:36,263 [INFO] BCTCheckComponent: slot model check file(s): validator::EcuM_StartupCheck_PB 
14:48:36,267 [INFO] BCTCheckComponent: slot model check file(s): validator::EcuM_StartupCheck_PCLT 
14:48:36,274 [INFO] BCTCheckComponent: slot model check file(s): validator::EcuM_SleepCheck 
14:48:36,276 [INFO] workflow completed in 13ms!
14:48:36,296 [INFO] --------------------------------------------------------------------------------------
14:48:36,296 [INFO] EMF Modeling Workflow Engine 1.5.3, Build v20200520-0756
14:48:36,296 [INFO] (c) 2005-2009 openarchitectureware.org and contributors
14:48:36,296 [INFO] --------------------------------------------------------------------------------------
14:48:36,296 [INFO] running workflow: C:\ETAS\RTA-CAR_12.2.0\ISOLAR-AB_12.2.1\configuration\org.eclipse.osgi\1981\0\.cp\gen\CUCEL\Platform\scripts\Platform_Validate.oaw
14:48:36,296 [INFO] 
14:48:36,297 [INFO] BCTCheckComponent: slot model check file(s): Platform_Validate 
14:48:36,301 [INFO] workflow completed in 4ms!
14:48:36,301 [WARN] [WARNING]: 'McuRbCpuInformation' is not available and has to be configured manually.(Element: autosar40.ecucdescription.impl.EcucModuleConfigurationValuesImpl@59ad0fc2 (shortName: Platform_RefUG) (ecucDefEdition: <unset>, implementationConfigVariant: <unset>, postBuildVariantUsed: <unset>); Reported by: -UNKNOWN-)
14:48:36,323 [INFO] --------------------------------------------------------------------------------------
14:48:36,324 [INFO] EMF Modeling Workflow Engine 1.5.3, Build v20200520-0756
14:48:36,324 [INFO] (c) 2005-2009 openarchitectureware.org and contributors
14:48:36,324 [INFO] --------------------------------------------------------------------------------------
14:48:36,324 [INFO] running workflow: C:\ETAS\RTA-CAR_12.2.0\ISOLAR-AB_12.2.1\configuration\org.eclipse.osgi\1981\0\.cp\gen\SrvLibs\Bfx\Bfx\scripts\Bfx_Generate.oaw
14:48:36,324 [INFO] 
14:48:36,325 [INFO] BCTCodeGenerator: generating 'Bfx_Cfg_h::Generate FOR model' => []
14:48:36,333 [INFO] workflow completed in 8ms!
14:48:36,349 [INFO] --------------------------------------------------------------------------------------
14:48:36,349 [INFO] EMF Modeling Workflow Engine 1.5.3, Build v20200520-0756
14:48:36,349 [INFO] (c) 2005-2009 openarchitectureware.org and contributors
14:48:36,349 [INFO] --------------------------------------------------------------------------------------
14:48:36,349 [INFO] running workflow: C:\ETAS\RTA-CAR_12.2.0\ISOLAR-AB_12.2.1\configuration\org.eclipse.osgi\1981\0\.cp\gen\CanStack\CanSM\scripts\templates\forward\CanSM_Forward.oaw
14:48:36,349 [INFO] 
14:48:36,350 [INFO] BCTXtendComponent: executing ' templates::forward::CanSM_Forward'
14:48:36,352 [INFO] forwarding the values for measurement variables
14:48:36,355 [INFO] forwarding the implementation data type reference
14:48:36,356 [INFO] forwarding the value of Number of can networks into Measurement variable of type Array of uint8
14:48:36,356 [INFO] forwarding the implementation data type reference
14:48:36,357 [INFO] forwarding the value of Number of can networks into Measurement variable of type Array of Boolean
14:48:36,357 [INFO] forwarding the implementation data type reference
14:48:36,358 [INFO] forwarding the value of Number of can networks into Measurement variable of type Array of enum
14:48:36,358 [INFO] forwarding the implementation data type reference
14:48:36,358 [INFO] forwarding the value of Number of can networks into Measurement variable of type Array of structure
14:48:36,359 [INFO] BCTXtendComponent: executing 'templates::forward::CanSM_Forward'
14:48:36,363 [INFO] workflow completed in 13ms!
14:48:36,403 [INFO] --------------------------------------------------------------------------------------
14:48:36,403 [INFO] EMF Modeling Workflow Engine 1.5.3, Build v20200520-0756
14:48:36,403 [INFO] (c) 2005-2009 openarchitectureware.org and contributors
14:48:36,403 [INFO] --------------------------------------------------------------------------------------
14:48:36,403 [INFO] running workflow: C:\ETAS\RTA-CAR_12.2.0\ISOLAR-AB_12.2.1\configuration\org.eclipse.osgi\1981\0\.cp\gen\CanStack\CanSM\scripts\templates\validator\CanSM_Validate.oaw
14:48:36,403 [INFO] 
14:48:36,404 [INFO] BCTCheckComponent: slot model check file(s): templates::CanSM::validator::CanSM_Validate 
14:48:36,406 [INFO] ExtensionAdvice 'ComM_CanSM_Aspects' could not be found and will be ignored.
14:48:36,406 [INFO] ExtensionAdvice 'cantrcv_cansm_aspects' could not be found and will be ignored.
14:48:36,407 [INFO] ExtensionAdvice 'dem_cansm_aspects' could not be found and will be ignored.
14:48:36,413 [INFO] workflow completed in 9ms!
14:48:36,431 [INFO] --------------------------------------------------------------------------------------
14:48:36,432 [INFO] EMF Modeling Workflow Engine 1.5.3, Build v20200520-0756
14:48:36,432 [INFO] (c) 2005-2009 openarchitectureware.org and contributors
14:48:36,432 [INFO] --------------------------------------------------------------------------------------
14:48:36,432 [INFO] running workflow: C:\ETAS\RTA-CAR_12.2.0\ISOLAR-AB_12.2.1\configuration\org.eclipse.osgi\1981\0\.cp\gen\ComServices\Com\scripts\templates\generateid\Com_GenerateId.oaw
14:48:36,432 [INFO] 
14:48:36,432 [INFO] BCTXtendComponent: executing 'templates::generateid::Com_GenerateId_Id'
14:48:36,471 [INFO] Prepare "__KW_COMMON" variant
14:48:36,520 [INFO] workflow completed in 88ms!
